<?xml version="1.0" encoding="UTF-8"?>
<!-- Generated by org.testng.reporters.JUnitReportReporter -->
<testsuite hostname="SWARANAY-IN" failures="0" tests="2" name="GrpIDPkg.E2E.Test2_DataProvAnnotations" time="15.874" errors="0" timestamp="2021-06-29T12:29:02 IST" skipped="0">
  <testcase classname="GrpIDPkg.E2E.Test2_DataProvAnnotations" name="basicVeryBasic2" time="7.746"/>
  <system-out/>
  <testcase classname="GrpIDPkg.E2E.Test2_DataProvAnnotations" name="basicVeryBasic2" time="8.128"/>
  <system-out/>
</testsuite> <!-- GrpIDPkg.E2E.Test2_DataProvAnnotations -->
