<?xml version="1.0" encoding="UTF-8"?>
<!-- Generated by org.testng.reporters.JUnitReportReporter -->
<testsuite hostname="SWARANAY-IN" failures="0" tests="2" name="GrpIDPkg.E2E.Test3_Assertions" time="4.203" errors="0" timestamp="2021-06-29T12:29:02 IST" skipped="0">
  <testcase classname="GrpIDPkg.E2E.Test3_Assertions" name="validateSampleString" time="3.307"/>
  <system-out/>
  <testcase classname="GrpIDPkg.E2E.Test3_Assertions" name="validatePracticePath" time="0.896"/>
  <system-out/>
</testsuite> <!-- GrpIDPkg.E2E.Test3_Assertions -->
