<?xml version="1.0" encoding="UTF-8"?>
<!-- Generated by org.testng.reporters.JUnitReportReporter -->
<testsuite hostname="SWARANAY-IN" failures="0" tests="1" name="GrpIDPkg.E2E.Test1_Google" time="13.925" errors="0" timestamp="2021-06-20T00:48:08 IST" skipped="0">
  <testcase classname="GrpIDPkg.E2E.Test1_Google" name="basicVeryBasic" time="13.925"/>
  <system-out/>
</testsuite> <!-- GrpIDPkg.E2E.Test1_Google -->
