<?xml version="1.0" encoding="UTF-8"?>
<!-- Generated by org.testng.reporters.JUnitReportReporter -->
<testsuite hostname="SWARANAY-IN" failures="0" tests="2" name="GrpIDPkg.E2E.Test2_DataProvAnnotations" time="16.501" errors="0" timestamp="2021-06-20T00:48:08 IST" skipped="0">
  <testcase classname="GrpIDPkg.E2E.Test2_DataProvAnnotations" name="basicVeryBasic2" time="5.941"/>
  <system-out/>
  <testcase classname="GrpIDPkg.E2E.Test2_DataProvAnnotations" name="basicVeryBasic2" time="10.560"/>
  <system-out/>
</testsuite> <!-- GrpIDPkg.E2E.Test2_DataProvAnnotations -->
