<?xml version="1.0" encoding="UTF-8"?>
<!-- Generated by org.testng.reporters.JUnitReportReporter -->
<testsuite hostname="SWARANAY-IN" failures="0" tests="1" name="GrpIDPkg.E2E.Test4_JenkinParams" time="0.013" errors="0" timestamp="2021-06-29T12:29:02 IST" skipped="0">
  <testcase classname="GrpIDPkg.E2E.Test4_JenkinParams" name="method4" time="0.013"/>
  <system-out/>
</testsuite> <!-- GrpIDPkg.E2E.Test4_JenkinParams -->
