<?xml version="1.0" encoding="UTF-8"?>
<!-- Generated by org.testng.reporters.JUnitReportReporter -->
<testsuite hostname="SWARANAY-IN" failures="0" tests="1" name="GrpIDPkg.E2E.Init" time="9.152" errors="0" timestamp="2021-06-12T17:37:55 IST" skipped="0">
  <testcase classname="GrpIDPkg.E2E.Init" name="initializeDriver" time="9.152"/>
  <system-out/>
</testsuite> <!-- GrpIDPkg.E2E.Init -->
