<?xml version="1.0" encoding="UTF-8"?>
<!-- Generated by org.testng.reporters.JUnitReportReporter -->
<testsuite hostname="SWARANAY-IN" failures="0" tests="1" name="GrpIDPkg.E2E.Test5_GroupIndex_FindElements_Exceptions" time="30.707" errors="0" timestamp="2021-06-27T01:54:13 IST" skipped="0">
  <testcase classname="GrpIDPkg.E2E.Test5_GroupIndex_FindElements_Exceptions" name="method5" time="30.707"/>
  <system-out/>
</testsuite> <!-- GrpIDPkg.E2E.Test5_GroupIndex_FindElements_Exceptions -->
