<?xml version="1.0" encoding="UTF-8"?>
<!-- Generated by org.testng.reporters.JUnitReportReporter -->
<testsuite skipped="0" hostname="SWARANAY-IN" name="GrpIDPkg.E2E.Test4_JenkinParams" tests="1" failures="0" timestamp="21 Jun 2021 17:35:08 GMT" time="0.013" errors="0">
  <testcase name="method4" time="0.013" classname="GrpIDPkg.E2E.Test4_JenkinParams"/>
</testsuite> <!-- GrpIDPkg.E2E.Test4_JenkinParams -->
