<?xml version="1.0" encoding="UTF-8"?>
<!-- Generated by org.testng.reporters.JUnitReportReporter -->
<testsuite skipped="0" hostname="SWARANAY-IN" name="GrpIDPkg.E2E.Test1_Google" tests="1" failures="0" timestamp="21 Jun 2021 17:35:08 GMT" time="11.424" errors="0">
  <testcase name="basicVeryBasic" time="11.424" classname="GrpIDPkg.E2E.Test1_Google"/>
</testsuite> <!-- GrpIDPkg.E2E.Test1_Google -->
