<?xml version="1.0" encoding="UTF-8"?>
<!-- Generated by org.testng.reporters.JUnitReportReporter -->
<testsuite skipped="0" hostname="SWARANAY-IN" name="GrpIDPkg.E2E.Test2_DataProvAnnotations" tests="2" failures="0" timestamp="21 Jun 2021 17:35:08 GMT" time="23.806" errors="0">
  <testcase name="basicVeryBasic2" time="16.717" classname="GrpIDPkg.E2E.Test2_DataProvAnnotations"/>
  <testcase name="basicVeryBasic2" time="7.089" classname="GrpIDPkg.E2E.Test2_DataProvAnnotations"/>
</testsuite> <!-- GrpIDPkg.E2E.Test2_DataProvAnnotations -->
