<?xml version="1.0" encoding="UTF-8"?>
<!-- Generated by org.testng.reporters.JUnitReportReporter -->
<testsuite skipped="0" hostname="SWARANAY-IN" name="GrpIDPkg.E2E.Test3_Assertions" tests="1" failures="0" timestamp="21 Jun 2021 17:35:08 GMT" time="6.183" errors="0">
  <testcase name="method3" time="6.183" classname="GrpIDPkg.E2E.Test3_Assertions"/>
</testsuite> <!-- GrpIDPkg.E2E.Test3_Assertions -->
